[  0%] [  0%] Built target sensor_msgs_generate_messages_lisp
Built target std_msgs_generate_messages_cpp
[  0%] Built target roscpp_generate_messages_cpp
[  0%] Built target sensor_msgs_generate_messages_py
[  0%] Built target rosgraph_msgs_generate_messages_py
[  0%] [  0%] Built target geometry_msgs_generate_messages_cpp
Built target sensor_msgs_generate_messages_cpp
[  0%] Built target shared_messages_generate_messages_lisp
[  0%] Built target roscpp_generate_messages_lisp
[  0%] Built target std_msgs_generate_messages_py
[  0%] Built target geometry_msgs_generate_messages_py
[  0%] Built target shared_messages_generate_messages_cpp
[  0%] Built target rosgraph_msgs_generate_messages_cpp
[  0%] Built target shared_messages_generate_messages_py
[  0%] [  0%] Built target geometry_msgs_generate_messages_lisp
Built target rosgraph_msgs_generate_messages_lisp
[  0%] Built target roscpp_generate_messages_py
[  0%] Built target std_msgs_generate_messages_lisp
[35m[1mScanning dependencies of target mobility
[0m[ 50%] [32mBuilding CXX object CMakeFiles/mobility.dir/src/mobility.cpp.o
/nfs/home/matthew/Swarmathon-ALSA/src/mobility/src/mobility.cpp: In function â€˜void mobilityStateMachine(const ros::TimerEvent&)â€™:
/nfs/home/matthew/Swarmathon-ALSA/src/mobility/src/mobility.cpp:193:28: error: â€˜current_locationâ€™ was not declared in this scope
       float len = sqrt(pow(current_location.x-goalLocation.x,2)+pow(current_location.x-goalLocation.x,2));
                            ^
In file included from /opt/ros/indigo/include/ros/ros.h:40:0,
                 from /nfs/home/matthew/Swarmathon-ALSA/src/mobility/src/mobility.cpp:2:
/opt/ros/indigo/include/ros/console.h:342:176: warning: too many arguments for format [-Wformat-extra-args]
     ::ros::console::print(filter, __rosconsole_define_location__loc.logger_, __rosconsole_define_location__loc.level_, __FILE__, __LINE__, __ROSCONSOLE_FUNCTION__, __VA_ARGS__)
                                                                                                                                                                                ^
/opt/ros/indigo/include/ros/console.h:345:5: note: in expansion of macro â€˜ROSCONSOLE_PRINT_AT_LOCATION_WITH_FILTERâ€™
     ROSCONSOLE_PRINT_AT_LOCATION_WITH_FILTER(0, __VA_ARGS__)
     ^
/opt/ros/indigo/include/ros/console.h:375:7: note: in expansion of macro â€˜ROSCONSOLE_PRINT_AT_LOCATIONâ€™
       ROSCONSOLE_PRINT_AT_LOCATION(__VA_ARGS__); \
       ^
/opt/ros/indigo/include/ros/console.h:557:35: note: in expansion of macro â€˜ROS_LOG_CONDâ€™
 #define ROS_LOG(level, name, ...) ROS_LOG_COND(true, level, name, __VA_ARGS__)
                                   ^
/opt/ros/indigo/include/rosconsole/macros_generated.h:110:23: note: in expansion of macro â€˜ROS_LOGâ€™
 #define ROS_INFO(...) ROS_LOG(::ros::console::levels::Info, ROSCONSOLE_DEFAULT_NAME, __VA_ARGS__)
                       ^
/nfs/home/matthew/Swarmathon-ALSA/src/mobility/src/mobility.cpp:195:7: note: in expansion of macro â€˜ROS_INFOâ€™
       ROS_INFO("%s Goal: x=%f, y=%f, length=\n", host, goalLocation.x, goalLocation.y, len);
       ^
make[2]: *** [CMakeFiles/mobility.dir/src/mobility.cpp.o] Error 1
make[1]: *** [CMakeFiles/mobility.dir/all] Error 2
make: *** [all] Error 2
